[0.702s] DEBUG:colcon:Command line arguments: ['/usr/bin/colcon', 'build']
[0.702s] DEBUG:colcon:Parsed command line arguments: Namespace(log_base=None, log_level=None, verb_name='build', build_base='build', install_base='install', merge_install=False, symlink_install=False, test_result_base=None, continue_on_error=False, executor='parallel', parallel_workers=16, event_handlers=None, ignore_user_meta=False, metas=['./colcon.meta'], base_paths=['.'], packages_ignore=None, packages_ignore_regex=None, paths=None, packages_up_to=None, packages_up_to_regex=None, packages_above=None, packages_above_and_dependencies=None, packages_above_depth=None, packages_select_by_dep=None, packages_skip_by_dep=None, packages_skip_up_to=None, packages_select_build_failed=False, packages_skip_build_finished=False, packages_select_test_failures=False, packages_skip_test_passed=False, packages_select=None, packages_skip=None, packages_select_regex=None, packages_skip_regex=None, packages_start=None, packages_end=None, allow_overriding=[], cmake_args=None, cmake_target=None, cmake_target_skip_unavailable=False, cmake_clean_cache=False, cmake_clean_first=False, cmake_force_configure=False, ament_cmake_args=None, catkin_cmake_args=None, catkin_skip_building_tests=False, verb_parser=<colcon_defaults.argument_parser.defaults.DefaultArgumentsDecorator object at 0x7fbd96eee5c0>, verb_extension=<colcon_core.verb.build.BuildVerb object at 0x7fbd96e59240>, main=<bound method BuildVerb.main of <colcon_core.verb.build.BuildVerb object at 0x7fbd96e59240>>)
[0.734s] Level 1:colcon.colcon_core.package_discovery:discover_packages(colcon_meta) check parameters
[0.734s] Level 1:colcon.colcon_core.package_discovery:discover_packages(recursive) check parameters
[0.734s] Level 1:colcon.colcon_core.package_discovery:discover_packages(ignore) check parameters
[0.734s] Level 1:colcon.colcon_core.package_discovery:discover_packages(path) check parameters
[0.734s] Level 1:colcon.colcon_core.package_discovery:discover_packages(colcon_meta) discover
[0.734s] Level 1:colcon.colcon_core.package_discovery:discover_packages(recursive) discover
[0.734s] INFO:colcon.colcon_core.package_discovery:Crawling recursively for packages in '/home/luis/fred'
[0.734s] Level 1:colcon.colcon_core.package_identification:_identify(.) by extensions ['ignore', 'ignore_ament_install']
[0.735s] Level 1:colcon.colcon_core.package_identification:_identify(.) by extension 'ignore'
[0.735s] Level 1:colcon.colcon_core.package_identification:_identify(.) by extension 'ignore_ament_install'
[0.735s] Level 1:colcon.colcon_core.package_identification:_identify(.) by extensions ['colcon_pkg']
[0.735s] Level 1:colcon.colcon_core.package_identification:_identify(.) by extension 'colcon_pkg'
[0.735s] Level 1:colcon.colcon_core.package_identification:_identify(.) by extensions ['colcon_meta']
[0.735s] Level 1:colcon.colcon_core.package_identification:_identify(.) by extension 'colcon_meta'
[0.735s] Level 1:colcon.colcon_core.package_identification:_identify(.) by extensions ['ros']
[0.735s] Level 1:colcon.colcon_core.package_identification:_identify(.) by extension 'ros'
[0.741s] Level 1:colcon.colcon_core.package_identification:_identify(.) by extensions ['cmake', 'python']
[0.741s] Level 1:colcon.colcon_core.package_identification:_identify(.) by extension 'cmake'
[0.741s] Level 1:colcon.colcon_core.package_identification:_identify(.) by extension 'python'
[0.741s] Level 1:colcon.colcon_core.package_identification:_identify(.) by extensions ['python_setup_py']
[0.741s] Level 1:colcon.colcon_core.package_identification:_identify(.) by extension 'python_setup_py'
[0.741s] Level 1:colcon.colcon_core.package_identification:_identify(build) by extensions ['ignore', 'ignore_ament_install']
[0.741s] Level 1:colcon.colcon_core.package_identification:_identify(build) by extension 'ignore'
[0.741s] Level 1:colcon.colcon_core.package_identification:_identify(build) ignored
[0.742s] Level 1:colcon.colcon_core.package_identification:_identify(install) by extensions ['ignore', 'ignore_ament_install']
[0.742s] Level 1:colcon.colcon_core.package_identification:_identify(install) by extension 'ignore'
[0.742s] Level 1:colcon.colcon_core.package_identification:_identify(install) ignored
[0.742s] Level 1:colcon.colcon_core.package_identification:_identify(log) by extensions ['ignore', 'ignore_ament_install']
[0.742s] Level 1:colcon.colcon_core.package_identification:_identify(log) by extension 'ignore'
[0.742s] Level 1:colcon.colcon_core.package_identification:_identify(log) ignored
[0.742s] Level 1:colcon.colcon_core.package_identification:_identify(src) by extensions ['ignore', 'ignore_ament_install']
[0.742s] Level 1:colcon.colcon_core.package_identification:_identify(src) by extension 'ignore'
[0.742s] Level 1:colcon.colcon_core.package_identification:_identify(src) by extension 'ignore_ament_install'
[0.742s] Level 1:colcon.colcon_core.package_identification:_identify(src) by extensions ['colcon_pkg']
[0.742s] Level 1:colcon.colcon_core.package_identification:_identify(src) by extension 'colcon_pkg'
[0.742s] Level 1:colcon.colcon_core.package_identification:_identify(src) by extensions ['colcon_meta']
[0.742s] Level 1:colcon.colcon_core.package_identification:_identify(src) by extension 'colcon_meta'
[0.742s] Level 1:colcon.colcon_core.package_identification:_identify(src) by extensions ['ros']
[0.742s] Level 1:colcon.colcon_core.package_identification:_identify(src) by extension 'ros'
[0.742s] Level 1:colcon.colcon_core.package_identification:_identify(src) by extensions ['cmake', 'python']
[0.742s] Level 1:colcon.colcon_core.package_identification:_identify(src) by extension 'cmake'
[0.742s] Level 1:colcon.colcon_core.package_identification:_identify(src) by extension 'python'
[0.742s] Level 1:colcon.colcon_core.package_identification:_identify(src) by extensions ['python_setup_py']
[0.742s] Level 1:colcon.colcon_core.package_identification:_identify(src) by extension 'python_setup_py'
[0.742s] Level 1:colcon.colcon_core.package_identification:_identify(src/fred_controller) by extensions ['ignore', 'ignore_ament_install']
[0.742s] Level 1:colcon.colcon_core.package_identification:_identify(src/fred_controller) by extension 'ignore'
[0.742s] Level 1:colcon.colcon_core.package_identification:_identify(src/fred_controller) by extension 'ignore_ament_install'
[0.742s] Level 1:colcon.colcon_core.package_identification:_identify(src/fred_controller) by extensions ['colcon_pkg']
[0.742s] Level 1:colcon.colcon_core.package_identification:_identify(src/fred_controller) by extension 'colcon_pkg'
[0.742s] Level 1:colcon.colcon_core.package_identification:_identify(src/fred_controller) by extensions ['colcon_meta']
[0.742s] Level 1:colcon.colcon_core.package_identification:_identify(src/fred_controller) by extension 'colcon_meta'
[0.743s] Level 1:colcon.colcon_core.package_identification:_identify(src/fred_controller) by extensions ['ros']
[0.743s] Level 1:colcon.colcon_core.package_identification:_identify(src/fred_controller) by extension 'ros'
[0.744s] DEBUG:colcon.colcon_core.package_identification:Package 'src/fred_controller' with type 'ros.ament_cmake' and name 'fred_controller'
[0.744s] Level 1:colcon.colcon_core.package_identification:_identify(src/gazebo_ros2_control) by extensions ['ignore', 'ignore_ament_install']
[0.744s] Level 1:colcon.colcon_core.package_identification:_identify(src/gazebo_ros2_control) by extension 'ignore'
[0.744s] Level 1:colcon.colcon_core.package_identification:_identify(src/gazebo_ros2_control) by extension 'ignore_ament_install'
[0.744s] Level 1:colcon.colcon_core.package_identification:_identify(src/gazebo_ros2_control) by extensions ['colcon_pkg']
[0.744s] Level 1:colcon.colcon_core.package_identification:_identify(src/gazebo_ros2_control) by extension 'colcon_pkg'
[0.744s] Level 1:colcon.colcon_core.package_identification:_identify(src/gazebo_ros2_control) by extensions ['colcon_meta']
[0.744s] Level 1:colcon.colcon_core.package_identification:_identify(src/gazebo_ros2_control) by extension 'colcon_meta'
[0.744s] Level 1:colcon.colcon_core.package_identification:_identify(src/gazebo_ros2_control) by extensions ['ros']
[0.744s] Level 1:colcon.colcon_core.package_identification:_identify(src/gazebo_ros2_control) by extension 'ros'
[0.744s] DEBUG:colcon.colcon_core.package_identification:Package 'src/gazebo_ros2_control' with type 'ros.ament_cmake' and name 'gazebo_ros2_control'
[0.744s] Level 1:colcon.colcon_core.package_discovery:discover_packages(recursive) using defaults
[0.745s] Level 1:colcon.colcon_core.package_discovery:discover_packages(ignore) discover
[0.745s] Level 1:colcon.colcon_core.package_discovery:discover_packages(ignore) using defaults
[0.745s] Level 1:colcon.colcon_core.package_discovery:discover_packages(path) discover
[0.745s] Level 1:colcon.colcon_core.package_discovery:discover_packages(path) using defaults
[0.808s] Level 1:colcon.colcon_core.package_discovery:discover_packages(prefix_path) check parameters
[0.808s] Level 1:colcon.colcon_core.package_discovery:discover_packages(prefix_path) discover
[0.818s] WARNING:colcon.colcon_ros.prefix_path.ament:The path '/home/luis/fred/install/fred' in the environment variable AMENT_PREFIX_PATH doesn't exist
[0.818s] WARNING:colcon.colcon_ros.prefix_path.catkin:The path '/home/luis/fred/install/fred' in the environment variable CMAKE_PREFIX_PATH doesn't exist
[0.829s] DEBUG:colcon.colcon_installed_package_information.package_discovery:Found 0 installed packages in /home/luis/fred/install
[0.840s] DEBUG:colcon.colcon_installed_package_information.package_discovery:Found 337 installed packages in /opt/ros/humble
[0.841s] Level 1:colcon.colcon_core.package_discovery:discover_packages(prefix_path) using defaults
[0.913s] Level 5:colcon.colcon_core.verb:set package 'fred_controller' build argument 'cmake_args' from command line to 'None'
[0.913s] Level 5:colcon.colcon_core.verb:set package 'fred_controller' build argument 'cmake_target' from command line to 'None'
[0.913s] Level 5:colcon.colcon_core.verb:set package 'fred_controller' build argument 'cmake_target_skip_unavailable' from command line to 'False'
[0.913s] Level 5:colcon.colcon_core.verb:set package 'fred_controller' build argument 'cmake_clean_cache' from command line to 'False'
[0.913s] Level 5:colcon.colcon_core.verb:set package 'fred_controller' build argument 'cmake_clean_first' from command line to 'False'
[0.913s] Level 5:colcon.colcon_core.verb:set package 'fred_controller' build argument 'cmake_force_configure' from command line to 'False'
[0.913s] Level 5:colcon.colcon_core.verb:set package 'fred_controller' build argument 'ament_cmake_args' from command line to 'None'
[0.913s] Level 5:colcon.colcon_core.verb:set package 'fred_controller' build argument 'catkin_cmake_args' from command line to 'None'
[0.913s] Level 5:colcon.colcon_core.verb:set package 'fred_controller' build argument 'catkin_skip_building_tests' from command line to 'False'
[0.913s] DEBUG:colcon.colcon_core.verb:Building package 'fred_controller' with the following arguments: {'ament_cmake_args': None, 'build_base': '/home/luis/fred/build/fred_controller', 'catkin_cmake_args': None, 'catkin_skip_building_tests': False, 'cmake_args': None, 'cmake_clean_cache': False, 'cmake_clean_first': False, 'cmake_force_configure': False, 'cmake_target': None, 'cmake_target_skip_unavailable': False, 'install_base': '/home/luis/fred/install/fred_controller', 'merge_install': False, 'path': '/home/luis/fred/src/fred_controller', 'symlink_install': False, 'test_result_base': None}
[0.924s] Level 5:colcon.colcon_core.verb:set package 'gazebo_ros2_control' build argument 'cmake_args' from command line to 'None'
[0.924s] Level 5:colcon.colcon_core.verb:set package 'gazebo_ros2_control' build argument 'cmake_target' from command line to 'None'
[0.924s] Level 5:colcon.colcon_core.verb:set package 'gazebo_ros2_control' build argument 'cmake_target_skip_unavailable' from command line to 'False'
[0.924s] Level 5:colcon.colcon_core.verb:set package 'gazebo_ros2_control' build argument 'cmake_clean_cache' from command line to 'False'
[0.924s] Level 5:colcon.colcon_core.verb:set package 'gazebo_ros2_control' build argument 'cmake_clean_first' from command line to 'False'
[0.924s] Level 5:colcon.colcon_core.verb:set package 'gazebo_ros2_control' build argument 'cmake_force_configure' from command line to 'False'
[0.924s] Level 5:colcon.colcon_core.verb:set package 'gazebo_ros2_control' build argument 'ament_cmake_args' from command line to 'None'
[0.924s] Level 5:colcon.colcon_core.verb:set package 'gazebo_ros2_control' build argument 'catkin_cmake_args' from command line to 'None'
[0.924s] Level 5:colcon.colcon_core.verb:set package 'gazebo_ros2_control' build argument 'catkin_skip_building_tests' from command line to 'False'
[0.924s] DEBUG:colcon.colcon_core.verb:Building package 'gazebo_ros2_control' with the following arguments: {'ament_cmake_args': None, 'build_base': '/home/luis/fred/build/gazebo_ros2_control', 'catkin_cmake_args': None, 'catkin_skip_building_tests': False, 'cmake_args': None, 'cmake_clean_cache': False, 'cmake_clean_first': False, 'cmake_force_configure': False, 'cmake_target': None, 'cmake_target_skip_unavailable': False, 'install_base': '/home/luis/fred/install/gazebo_ros2_control', 'merge_install': False, 'path': '/home/luis/fred/src/gazebo_ros2_control', 'symlink_install': False, 'test_result_base': None}
[0.935s] INFO:colcon.colcon_core.executor:Executing jobs using 'parallel' executor
[0.945s] DEBUG:colcon.colcon_parallel_executor.executor.parallel:run_until_complete
[0.945s] INFO:colcon.colcon_ros.task.ament_cmake.build:Building ROS package in '/home/luis/fred/src/fred_controller' with build type 'ament_cmake'
[0.946s] INFO:colcon.colcon_cmake.task.cmake.build:Building CMake package in '/home/luis/fred/src/fred_controller'
[0.957s] INFO:colcon.colcon_core.plugin_system:Skipping extension 'colcon_core.shell.bat': Not used on non-Windows systems
[0.957s] INFO:colcon.colcon_core.shell:Skip shell extension 'powershell' for command environment: Not usable outside of PowerShell
[0.957s] DEBUG:colcon.colcon_core.shell:Skip shell extension 'dsv' for command environment
[0.991s] INFO:colcon.colcon_ros.task.ament_cmake.build:Building ROS package in '/home/luis/fred/src/gazebo_ros2_control' with build type 'ament_cmake'
[0.991s] INFO:colcon.colcon_cmake.task.cmake.build:Building CMake package in '/home/luis/fred/src/gazebo_ros2_control'
[1.001s] INFO:colcon.colcon_core.shell:Skip shell extension 'powershell' for command environment: Not usable outside of PowerShell
[1.001s] DEBUG:colcon.colcon_core.shell:Skip shell extension 'dsv' for command environment
[1.038s] DEBUG:colcon.colcon_core.event_handler.log_command:Invoking command in '/home/luis/fred/build/fred_controller': CMAKE_PREFIX_PATH=${CMAKE_PREFIX_PATH}:/opt/ros/humble /usr/bin/cmake /home/luis/fred/src/fred_controller -DCMAKE_INSTALL_PREFIX=/home/luis/fred/install/fred_controller
[1.040s] DEBUG:colcon.colcon_core.event_handler.log_command:Invoking command in '/home/luis/fred/build/gazebo_ros2_control': CMAKE_PREFIX_PATH=${CMAKE_PREFIX_PATH}:/opt/ros/humble /usr/bin/cmake /home/luis/fred/src/gazebo_ros2_control -DCMAKE_INSTALL_PREFIX=/home/luis/fred/install/gazebo_ros2_control
[1.521s] DEBUG:colcon.colcon_core.event_handler.log_command:Invoked command in '/home/luis/fred/build/gazebo_ros2_control' returned '0': CMAKE_PREFIX_PATH=${CMAKE_PREFIX_PATH}:/opt/ros/humble /usr/bin/cmake /home/luis/fred/src/gazebo_ros2_control -DCMAKE_INSTALL_PREFIX=/home/luis/fred/install/gazebo_ros2_control
[1.523s] DEBUG:colcon.colcon_core.event_handler.log_command:Invoking command in '/home/luis/fred/build/gazebo_ros2_control': CMAKE_PREFIX_PATH=${CMAKE_PREFIX_PATH}:/opt/ros/humble /usr/bin/cmake --build /home/luis/fred/build/gazebo_ros2_control -- -j16 -l16
[1.523s] DEBUG:colcon.colcon_core.event_handler.log_command:Invoked command in '/home/luis/fred/build/fred_controller' returned '0': CMAKE_PREFIX_PATH=${CMAKE_PREFIX_PATH}:/opt/ros/humble /usr/bin/cmake /home/luis/fred/src/fred_controller -DCMAKE_INSTALL_PREFIX=/home/luis/fred/install/fred_controller
[1.524s] DEBUG:colcon.colcon_core.event_handler.log_command:Invoking command in '/home/luis/fred/build/fred_controller': CMAKE_PREFIX_PATH=${CMAKE_PREFIX_PATH}:/opt/ros/humble /usr/bin/cmake --build /home/luis/fred/build/fred_controller -- -j16 -l16
[1.555s] DEBUG:colcon.colcon_core.event_handler.log_command:Invoked command in '/home/luis/fred/build/fred_controller' returned '0': CMAKE_PREFIX_PATH=${CMAKE_PREFIX_PATH}:/opt/ros/humble /usr/bin/cmake --build /home/luis/fred/build/fred_controller -- -j16 -l16
[1.559s] DEBUG:colcon.colcon_core.event_handler.log_command:Invoked command in '/home/luis/fred/build/gazebo_ros2_control' returned '0': CMAKE_PREFIX_PATH=${CMAKE_PREFIX_PATH}:/opt/ros/humble /usr/bin/cmake --build /home/luis/fred/build/gazebo_ros2_control -- -j16 -l16
[1.585s] DEBUG:colcon.colcon_core.event_handler.log_command:Invoking command in '/home/luis/fred/build/fred_controller': CMAKE_PREFIX_PATH=${CMAKE_PREFIX_PATH}:/opt/ros/humble /usr/bin/cmake --install /home/luis/fred/build/fred_controller
[1.586s] DEBUG:colcon.colcon_core.event_handler.log_command:Invoking command in '/home/luis/fred/build/gazebo_ros2_control': CMAKE_PREFIX_PATH=${CMAKE_PREFIX_PATH}:/opt/ros/humble /usr/bin/cmake --install /home/luis/fred/build/gazebo_ros2_control
[1.594s] Level 1:colcon.colcon_core.environment:create_environment_scripts_only(fred_controller)
[1.594s] DEBUG:colcon.colcon_core.event_handler.log_command:Invoked command in '/home/luis/fred/build/fred_controller' returned '0': CMAKE_PREFIX_PATH=${CMAKE_PREFIX_PATH}:/opt/ros/humble /usr/bin/cmake --install /home/luis/fred/build/fred_controller
[1.607s] Level 1:colcon.colcon_core.environment:checking '/home/luis/fred/install/fred_controller' for CMake module files
[1.607s] Level 1:colcon.colcon_core.environment:checking '/home/luis/fred/install/fred_controller' for CMake config files
[1.607s] Level 1:colcon.colcon_core.shell:create_environment_hook('fred_controller', 'cmake_prefix_path')
[1.619s] INFO:colcon.colcon_core.shell:Creating environment hook '/home/luis/fred/install/fred_controller/share/fred_controller/hook/cmake_prefix_path.ps1'
[1.619s] INFO:colcon.colcon_core.shell:Creating environment descriptor '/home/luis/fred/install/fred_controller/share/fred_controller/hook/cmake_prefix_path.dsv'
[1.619s] INFO:colcon.colcon_core.shell:Creating environment hook '/home/luis/fred/install/fred_controller/share/fred_controller/hook/cmake_prefix_path.sh'
[1.620s] Level 1:colcon.colcon_core.environment:checking '/home/luis/fred/install/fred_controller/bin'
[1.620s] Level 1:colcon.colcon_core.environment:checking '/home/luis/fred/install/fred_controller/lib/pkgconfig/fred_controller.pc'
[1.620s] Level 1:colcon.colcon_core.environment:checking '/home/luis/fred/install/fred_controller/lib/python3.10/site-packages'
[1.620s] Level 1:colcon.colcon_core.environment:checking '/home/luis/fred/install/fred_controller/bin'
[1.632s] INFO:colcon.colcon_core.shell:Creating package script '/home/luis/fred/install/fred_controller/share/fred_controller/package.ps1'
[1.632s] INFO:colcon.colcon_core.shell:Creating package descriptor '/home/luis/fred/install/fred_controller/share/fred_controller/package.dsv'
[1.632s] INFO:colcon.colcon_core.shell:Creating package script '/home/luis/fred/install/fred_controller/share/fred_controller/package.sh'
[1.633s] INFO:colcon.colcon_core.shell:Creating package script '/home/luis/fred/install/fred_controller/share/fred_controller/package.bash'
[1.633s] INFO:colcon.colcon_core.shell:Creating package script '/home/luis/fred/install/fred_controller/share/fred_controller/package.zsh'
[1.633s] Level 1:colcon.colcon_core.environment:create_file_with_runtime_dependencies(/home/luis/fred/install/fred_controller/share/colcon-core/packages/fred_controller)
[1.635s] Level 1:colcon.colcon_core.environment:create_environment_scripts_only(gazebo_ros2_control)
[1.636s] DEBUG:colcon.colcon_core.event_handler.log_command:Invoked command in '/home/luis/fred/build/gazebo_ros2_control' returned '0': CMAKE_PREFIX_PATH=${CMAKE_PREFIX_PATH}:/opt/ros/humble /usr/bin/cmake --install /home/luis/fred/build/gazebo_ros2_control
[1.646s] Level 1:colcon.colcon_core.environment:checking '/home/luis/fred/install/gazebo_ros2_control' for CMake module files
[1.647s] Level 1:colcon.colcon_core.environment:checking '/home/luis/fred/install/gazebo_ros2_control' for CMake config files
[1.647s] Level 1:colcon.colcon_core.shell:create_environment_hook('gazebo_ros2_control', 'cmake_prefix_path')
[1.658s] INFO:colcon.colcon_core.shell:Creating environment hook '/home/luis/fred/install/gazebo_ros2_control/share/gazebo_ros2_control/hook/cmake_prefix_path.ps1'
[1.659s] INFO:colcon.colcon_core.shell:Creating environment descriptor '/home/luis/fred/install/gazebo_ros2_control/share/gazebo_ros2_control/hook/cmake_prefix_path.dsv'
[1.659s] INFO:colcon.colcon_core.shell:Creating environment hook '/home/luis/fred/install/gazebo_ros2_control/share/gazebo_ros2_control/hook/cmake_prefix_path.sh'
[1.659s] Level 1:colcon.colcon_core.environment:checking '/home/luis/fred/install/gazebo_ros2_control/bin'
[1.659s] Level 1:colcon.colcon_core.environment:checking '/home/luis/fred/install/gazebo_ros2_control/lib/pkgconfig/gazebo_ros2_control.pc'
[1.659s] Level 1:colcon.colcon_core.environment:checking '/home/luis/fred/install/gazebo_ros2_control/lib/python3.10/site-packages'
[1.659s] Level 1:colcon.colcon_core.environment:checking '/home/luis/fred/install/gazebo_ros2_control/bin'
[1.670s] INFO:colcon.colcon_core.shell:Creating package script '/home/luis/fred/install/gazebo_ros2_control/share/gazebo_ros2_control/package.ps1'
[1.670s] INFO:colcon.colcon_core.shell:Creating package descriptor '/home/luis/fred/install/gazebo_ros2_control/share/gazebo_ros2_control/package.dsv'
[1.671s] INFO:colcon.colcon_core.shell:Creating package script '/home/luis/fred/install/gazebo_ros2_control/share/gazebo_ros2_control/package.sh'
[1.671s] INFO:colcon.colcon_core.shell:Creating package script '/home/luis/fred/install/gazebo_ros2_control/share/gazebo_ros2_control/package.bash'
[1.671s] INFO:colcon.colcon_core.shell:Creating package script '/home/luis/fred/install/gazebo_ros2_control/share/gazebo_ros2_control/package.zsh'
[1.671s] Level 1:colcon.colcon_core.environment:create_file_with_runtime_dependencies(/home/luis/fred/install/gazebo_ros2_control/share/colcon-core/packages/gazebo_ros2_control)
[1.684s] Level 1:colcon.colcon_core.environment:create_environment_scripts_only(fred_controller)
[1.696s] Level 1:colcon.colcon_core.environment:checking '/home/luis/fred/install/fred_controller' for CMake module files
[1.696s] Level 1:colcon.colcon_core.environment:checking '/home/luis/fred/install/fred_controller' for CMake config files
[1.696s] Level 1:colcon.colcon_core.shell:create_environment_hook('fred_controller', 'cmake_prefix_path')
[1.708s] INFO:colcon.colcon_core.shell:Creating environment hook '/home/luis/fred/install/fred_controller/share/fred_controller/hook/cmake_prefix_path.ps1'
[1.708s] INFO:colcon.colcon_core.shell:Creating environment descriptor '/home/luis/fred/install/fred_controller/share/fred_controller/hook/cmake_prefix_path.dsv'
[1.709s] INFO:colcon.colcon_core.shell:Creating environment hook '/home/luis/fred/install/fred_controller/share/fred_controller/hook/cmake_prefix_path.sh'
[1.709s] Level 1:colcon.colcon_core.environment:checking '/home/luis/fred/install/fred_controller/bin'
[1.709s] Level 1:colcon.colcon_core.environment:checking '/home/luis/fred/install/fred_controller/lib/pkgconfig/fred_controller.pc'
[1.709s] Level 1:colcon.colcon_core.environment:checking '/home/luis/fred/install/fred_controller/lib/python3.10/site-packages'
[1.709s] Level 1:colcon.colcon_core.environment:checking '/home/luis/fred/install/fred_controller/bin'
[1.721s] INFO:colcon.colcon_core.shell:Creating package script '/home/luis/fred/install/fred_controller/share/fred_controller/package.ps1'
[1.721s] INFO:colcon.colcon_core.shell:Creating package descriptor '/home/luis/fred/install/fred_controller/share/fred_controller/package.dsv'
[1.721s] INFO:colcon.colcon_core.shell:Creating package script '/home/luis/fred/install/fred_controller/share/fred_controller/package.sh'
[1.722s] INFO:colcon.colcon_core.shell:Creating package script '/home/luis/fred/install/fred_controller/share/fred_controller/package.bash'
[1.722s] INFO:colcon.colcon_core.shell:Creating package script '/home/luis/fred/install/fred_controller/share/fred_controller/package.zsh'
[1.722s] Level 1:colcon.colcon_core.environment:create_file_with_runtime_dependencies(/home/luis/fred/install/fred_controller/share/colcon-core/packages/fred_controller)
[1.735s] Level 1:colcon.colcon_core.environment:create_environment_scripts_only(gazebo_ros2_control)
[1.745s] Level 1:colcon.colcon_core.environment:checking '/home/luis/fred/install/gazebo_ros2_control' for CMake module files
[1.745s] Level 1:colcon.colcon_core.environment:checking '/home/luis/fred/install/gazebo_ros2_control' for CMake config files
[1.746s] Level 1:colcon.colcon_core.shell:create_environment_hook('gazebo_ros2_control', 'cmake_prefix_path')
[1.757s] INFO:colcon.colcon_core.shell:Creating environment hook '/home/luis/fred/install/gazebo_ros2_control/share/gazebo_ros2_control/hook/cmake_prefix_path.ps1'
[1.757s] INFO:colcon.colcon_core.shell:Creating environment descriptor '/home/luis/fred/install/gazebo_ros2_control/share/gazebo_ros2_control/hook/cmake_prefix_path.dsv'
[1.758s] INFO:colcon.colcon_core.shell:Creating environment hook '/home/luis/fred/install/gazebo_ros2_control/share/gazebo_ros2_control/hook/cmake_prefix_path.sh'
[1.758s] Level 1:colcon.colcon_core.environment:checking '/home/luis/fred/install/gazebo_ros2_control/bin'
[1.758s] Level 1:colcon.colcon_core.environment:checking '/home/luis/fred/install/gazebo_ros2_control/lib/pkgconfig/gazebo_ros2_control.pc'
[1.758s] Level 1:colcon.colcon_core.environment:checking '/home/luis/fred/install/gazebo_ros2_control/lib/python3.10/site-packages'
[1.758s] Level 1:colcon.colcon_core.environment:checking '/home/luis/fred/install/gazebo_ros2_control/bin'
[1.769s] INFO:colcon.colcon_core.shell:Creating package script '/home/luis/fred/install/gazebo_ros2_control/share/gazebo_ros2_control/package.ps1'
[1.769s] INFO:colcon.colcon_core.shell:Creating package descriptor '/home/luis/fred/install/gazebo_ros2_control/share/gazebo_ros2_control/package.dsv'
[1.770s] INFO:colcon.colcon_core.shell:Creating package script '/home/luis/fred/install/gazebo_ros2_control/share/gazebo_ros2_control/package.sh'
[1.770s] INFO:colcon.colcon_core.shell:Creating package script '/home/luis/fred/install/gazebo_ros2_control/share/gazebo_ros2_control/package.bash'
[1.770s] INFO:colcon.colcon_core.shell:Creating package script '/home/luis/fred/install/gazebo_ros2_control/share/gazebo_ros2_control/package.zsh'
[1.770s] Level 1:colcon.colcon_core.environment:create_file_with_runtime_dependencies(/home/luis/fred/install/gazebo_ros2_control/share/colcon-core/packages/gazebo_ros2_control)
[1.770s] DEBUG:colcon.colcon_parallel_executor.executor.parallel:closing loop
[1.771s] DEBUG:colcon.colcon_parallel_executor.executor.parallel:loop closed
[1.771s] DEBUG:colcon.colcon_parallel_executor.executor.parallel:run_until_complete finished with '0'
[1.771s] DEBUG:colcon.colcon_core.event_reactor:joining thread
[1.810s] INFO:colcon.colcon_core.plugin_system:Skipping extension 'colcon_notification.desktop_notification.terminal_notifier': Not used on non-Darwin systems
[1.811s] INFO:colcon.colcon_core.plugin_system:Skipping extension 'colcon_notification.desktop_notification.win32': Not used on non-Windows systems
[1.811s] INFO:colcon.colcon_notification.desktop_notification:Sending desktop notification using 'notify2'
[1.811s] DEBUG:colcon.colcon_notification.desktop_notification.notify2:Failed to initialize notify2: org.freedesktop.DBus.Error.AccessDenied: Failed to connect to socket /run/user/1000/bus: Permission denied
[1.811s] DEBUG:colcon.colcon_core.event_reactor:joined thread
[1.823s] INFO:colcon.colcon_core.shell:Creating prefix script '/home/luis/fred/install/local_setup.ps1'
[1.823s] INFO:colcon.colcon_core.shell:Creating prefix util module '/home/luis/fred/install/_local_setup_util_ps1.py'
[1.824s] INFO:colcon.colcon_core.shell:Creating prefix chain script '/home/luis/fred/install/setup.ps1'
[1.835s] INFO:colcon.colcon_core.shell:Creating prefix script '/home/luis/fred/install/local_setup.sh'
[1.835s] INFO:colcon.colcon_core.shell:Creating prefix util module '/home/luis/fred/install/_local_setup_util_sh.py'
[1.835s] INFO:colcon.colcon_core.shell:Creating prefix chain script '/home/luis/fred/install/setup.sh'
[1.846s] INFO:colcon.colcon_core.shell:Creating prefix script '/home/luis/fred/install/local_setup.bash'
[1.846s] INFO:colcon.colcon_core.shell:Creating prefix chain script '/home/luis/fred/install/setup.bash'
[1.857s] INFO:colcon.colcon_core.shell:Creating prefix script '/home/luis/fred/install/local_setup.zsh'
[1.857s] INFO:colcon.colcon_core.shell:Creating prefix chain script '/home/luis/fred/install/setup.zsh'
