[0.095s] Invoking command in '/home/luis/fred/build/fred_controller': CMAKE_PREFIX_PATH=${CMAKE_PREFIX_PATH}:/opt/ros/humble /usr/bin/cmake /home/luis/fred/src/fred_controller -DAMENT_CMAKE_SYMLINK_INSTALL=1 -DCMAKE_INSTALL_PREFIX=/home/luis/fred/install/fred_controller
[0.105s] -- Found ament_cmake: 1.3.6 (/opt/ros/humble/share/ament_cmake/cmake)
[0.197s] -- Override CMake install command with custom implementation using symlinks instead of copying resources
[0.202s] -- Found ament_lint_auto: 0.12.9 (/opt/ros/humble/share/ament_lint_auto/cmake)
[0.249s] -- Added test 'lint_cmake' to check CMake code style
[0.250s] -- Added test 'xmllint' to check XML markup files
[0.250s] -- Configuring done
[0.253s] -- Generating done
[0.253s] -- Build files have been written to: /home/luis/fred/build/fred_controller
[0.256s] Invoked command in '/home/luis/fred/build/fred_controller' returned '0': CMAKE_PREFIX_PATH=${CMAKE_PREFIX_PATH}:/opt/ros/humble /usr/bin/cmake /home/luis/fred/src/fred_controller -DAMENT_CMAKE_SYMLINK_INSTALL=1 -DCMAKE_INSTALL_PREFIX=/home/luis/fred/install/fred_controller
[0.258s] Invoking command in '/home/luis/fred/build/fred_controller': CMAKE_PREFIX_PATH=${CMAKE_PREFIX_PATH}:/opt/ros/humble /usr/bin/cmake --build /home/luis/fred/build/fred_controller -- -j16 -l16
[0.291s] Invoked command in '/home/luis/fred/build/fred_controller' returned '0': CMAKE_PREFIX_PATH=${CMAKE_PREFIX_PATH}:/opt/ros/humble /usr/bin/cmake --build /home/luis/fred/build/fred_controller -- -j16 -l16
[0.321s] Invoking command in '/home/luis/fred/build/fred_controller': CMAKE_PREFIX_PATH=${CMAKE_PREFIX_PATH}:/opt/ros/humble /usr/bin/cmake --install /home/luis/fred/build/fred_controller
[0.326s] -- Install configuration: ""
[0.326s] -- Execute custom install script
[0.327s] -- Symlinking: /home/luis/fred/install/fred_controller/share/ament_index/resource_index/package_run_dependencies/fred_controller
[0.335s] -- Symlinking: /home/luis/fred/install/fred_controller/share/ament_index/resource_index/parent_prefix_path/fred_controller
[0.342s] -- Symlinking: /home/luis/fred/install/fred_controller/share/fred_controller/environment/ament_prefix_path.sh
[0.349s] -- Symlinking: /home/luis/fred/install/fred_controller/share/fred_controller/environment/ament_prefix_path.dsv
[0.356s] -- Symlinking: /home/luis/fred/install/fred_controller/share/fred_controller/environment/path.sh
[0.364s] -- Symlinking: /home/luis/fred/install/fred_controller/share/fred_controller/environment/path.dsv
[0.372s] -- Symlinking: /home/luis/fred/install/fred_controller/share/fred_controller/local_setup.bash
[0.379s] -- Symlinking: /home/luis/fred/install/fred_controller/share/fred_controller/local_setup.sh
[0.386s] -- Symlinking: /home/luis/fred/install/fred_controller/share/fred_controller/local_setup.zsh
[0.394s] -- Symlinking: /home/luis/fred/install/fred_controller/share/fred_controller/local_setup.dsv
[0.401s] -- Symlinking: /home/luis/fred/install/fred_controller/share/fred_controller/package.dsv
[0.409s] -- Symlinking: /home/luis/fred/install/fred_controller/share/ament_index/resource_index/packages/fred_controller
[0.416s] -- Symlinking: /home/luis/fred/install/fred_controller/share/fred_controller/cmake/fred_controllerConfig.cmake
[0.424s] -- Symlinking: /home/luis/fred/install/fred_controller/share/fred_controller/cmake/fred_controllerConfig-version.cmake
[0.431s] -- Symlinking: /home/luis/fred/install/fred_controller/share/fred_controller/package.xml
[0.480s] Invoked command in '/home/luis/fred/build/fred_controller' returned '0': CMAKE_PREFIX_PATH=${CMAKE_PREFIX_PATH}:/opt/ros/humble /usr/bin/cmake --install /home/luis/fred/build/fred_controller
