[0.049s] Invoking command in '/home/luis/fred/build/gazebo_ros2_control': CMAKE_PREFIX_PATH=${CMAKE_PREFIX_PATH}:/opt/ros/humble /usr/bin/cmake /home/luis/fred/src/gazebo_ros2_control -DCMAKE_INSTALL_PREFIX=/home/luis/fred/install/gazebo_ros2_control
[0.107s] -- The C compiler identification is GNU 11.4.0
[0.150s] -- The CXX compiler identification is GNU 11.4.0
[0.156s] -- Detecting C compiler ABI info
[0.213s] -- Detecting C compiler ABI info - done
[0.218s] -- Check for working C compiler: /usr/bin/cc - skipped
[0.218s] -- Detecting C compile features
[0.218s] -- Detecting C compile features - done
[0.220s] -- Detecting CXX compiler ABI info
[0.285s] -- Detecting CXX compiler ABI info - done
[0.289s] -- Check for working CXX compiler: /usr/bin/c++ - skipped
[0.290s] -- Detecting CXX compile features
[0.290s] -- Detecting CXX compile features - done
[0.291s] -- Found ament_cmake: 1.3.6 (/opt/ros/humble/share/ament_cmake/cmake)
[0.411s] -- Found Python3: /usr/bin/python3.10 (found version "3.10.12") found components: Interpreter 
[0.469s] -- Found ament_lint_auto: 0.12.9 (/opt/ros/humble/share/ament_lint_auto/cmake)
[0.521s] -- Added test 'lint_cmake' to check CMake code style
[0.522s] -- Added test 'xmllint' to check XML markup files
[0.523s] -- Configuring done
[0.525s] -- Generating done
[0.526s] -- Build files have been written to: /home/luis/fred/build/gazebo_ros2_control
[0.530s] Invoked command in '/home/luis/fred/build/gazebo_ros2_control' returned '0': CMAKE_PREFIX_PATH=${CMAKE_PREFIX_PATH}:/opt/ros/humble /usr/bin/cmake /home/luis/fred/src/gazebo_ros2_control -DCMAKE_INSTALL_PREFIX=/home/luis/fred/install/gazebo_ros2_control
[0.532s] Invoking command in '/home/luis/fred/build/gazebo_ros2_control': CMAKE_PREFIX_PATH=${CMAKE_PREFIX_PATH}:/opt/ros/humble /usr/bin/cmake --build /home/luis/fred/build/gazebo_ros2_control -- -j16 -l16
[0.568s] Invoked command in '/home/luis/fred/build/gazebo_ros2_control' returned '0': CMAKE_PREFIX_PATH=${CMAKE_PREFIX_PATH}:/opt/ros/humble /usr/bin/cmake --build /home/luis/fred/build/gazebo_ros2_control -- -j16 -l16
[0.595s] Invoking command in '/home/luis/fred/build/gazebo_ros2_control': CMAKE_PREFIX_PATH=${CMAKE_PREFIX_PATH}:/opt/ros/humble /usr/bin/cmake --install /home/luis/fred/build/gazebo_ros2_control
[0.601s] -- Install configuration: ""
[0.601s] -- Installing: /home/luis/fred/install/gazebo_ros2_control/share/ament_index/resource_index/package_run_dependencies/gazebo_ros2_control
[0.601s] -- Installing: /home/luis/fred/install/gazebo_ros2_control/share/ament_index/resource_index/parent_prefix_path/gazebo_ros2_control
[0.601s] -- Installing: /home/luis/fred/install/gazebo_ros2_control/share/gazebo_ros2_control/environment/ament_prefix_path.sh
[0.601s] -- Installing: /home/luis/fred/install/gazebo_ros2_control/share/gazebo_ros2_control/environment/ament_prefix_path.dsv
[0.601s] -- Installing: /home/luis/fred/install/gazebo_ros2_control/share/gazebo_ros2_control/environment/path.sh
[0.601s] -- Installing: /home/luis/fred/install/gazebo_ros2_control/share/gazebo_ros2_control/environment/path.dsv
[0.602s] -- Installing: /home/luis/fred/install/gazebo_ros2_control/share/gazebo_ros2_control/local_setup.bash
[0.602s] -- Installing: /home/luis/fred/install/gazebo_ros2_control/share/gazebo_ros2_control/local_setup.sh
[0.602s] -- Installing: /home/luis/fred/install/gazebo_ros2_control/share/gazebo_ros2_control/local_setup.zsh
[0.602s] -- Installing: /home/luis/fred/install/gazebo_ros2_control/share/gazebo_ros2_control/local_setup.dsv
[0.602s] -- Installing: /home/luis/fred/install/gazebo_ros2_control/share/gazebo_ros2_control/package.dsv
[0.602s] -- Installing: /home/luis/fred/install/gazebo_ros2_control/share/ament_index/resource_index/packages/gazebo_ros2_control
[0.602s] -- Installing: /home/luis/fred/install/gazebo_ros2_control/share/gazebo_ros2_control/cmake/gazebo_ros2_controlConfig.cmake
[0.602s] -- Installing: /home/luis/fred/install/gazebo_ros2_control/share/gazebo_ros2_control/cmake/gazebo_ros2_controlConfig-version.cmake
[0.602s] -- Installing: /home/luis/fred/install/gazebo_ros2_control/share/gazebo_ros2_control/package.xml
[0.645s] Invoked command in '/home/luis/fred/build/gazebo_ros2_control' returned '0': CMAKE_PREFIX_PATH=${CMAKE_PREFIX_PATH}:/opt/ros/humble /usr/bin/cmake --install /home/luis/fred/build/gazebo_ros2_control
