[0.066s] Invoking command in '/home/stemluis/Documents/Fred/build/fred_controller': CMAKE_PREFIX_PATH=/opt/ros/humble /usr/bin/cmake /home/stemluis/Documents/Fred/src/fred_controller -DAMENT_CMAKE_SYMLINK_INSTALL=1 -DCMAKE_INSTALL_PREFIX=/home/stemluis/Documents/Fred/install/fred_controller
[0.150s] -- The C compiler identification is GNU 11.4.0
[0.204s] -- The CXX compiler identification is GNU 11.4.0
[0.211s] -- Detecting C compiler ABI info
[0.287s] -- Detecting C compiler ABI info - done
[0.294s] -- Check for working C compiler: /usr/bin/cc - skipped
[0.294s] -- Detecting C compile features
[0.295s] -- Detecting C compile features - done
[0.297s] -- Detecting CXX compiler ABI info
[0.376s] -- Detecting CXX compiler ABI info - done
[0.383s] -- Check for working CXX compiler: /usr/bin/c++ - skipped
[0.384s] -- Detecting CXX compile features
[0.384s] -- Detecting CXX compile features - done
[0.441s] -- Found ament_cmake: 1.3.6 (/opt/ros/humble/share/ament_cmake/cmake)
[0.687s] -- Found Python3: /usr/bin/python3.10 (found version "3.10.12") found components: Interpreter 
[0.784s] -- Override CMake install command with custom implementation using symlinks instead of copying resources
[0.937s] -- Found ament_lint_auto: 0.12.9 (/opt/ros/humble/share/ament_lint_auto/cmake)
[1.096s] -- Added test 'lint_cmake' to check CMake code style
[1.098s] -- Added test 'xmllint' to check XML markup files
[1.121s] -- Configuring done
[1.126s] -- Generating done
[1.127s] -- Build files have been written to: /home/stemluis/Documents/Fred/build/fred_controller
