[0.091s] Invoking command in '/home/luis/fred/build/fred_controller': CMAKE_PREFIX_PATH=${CMAKE_PREFIX_PATH}:/opt/ros/humble /usr/bin/cmake /home/luis/fred/src/fred_controller -DCMAKE_INSTALL_PREFIX=/home/luis/fred/install/fred_controller
[0.151s] -- The C compiler identification is GNU 11.4.0
[0.194s] -- The CXX compiler identification is GNU 11.4.0
[0.200s] -- Detecting C compiler ABI info
[0.257s] -- Detecting C compiler ABI info - done
[0.262s] -- Check for working C compiler: /usr/bin/cc - skipped
[0.262s] -- Detecting C compile features
[0.263s] -- Detecting C compile features - done
[0.265s] -- Detecting CXX compiler ABI info
[0.329s] -- Detecting CXX compiler ABI info - done
[0.333s] -- Check for working CXX compiler: /usr/bin/c++ - skipped
[0.334s] -- Detecting CXX compile features
[0.334s] -- Detecting CXX compile features - done
[0.335s] -- Found ament_cmake: 1.3.6 (/opt/ros/humble/share/ament_cmake/cmake)
[0.455s] -- Found Python3: /usr/bin/python3.10 (found version "3.10.12") found components: Interpreter 
[0.514s] -- Found ament_lint_auto: 0.12.9 (/opt/ros/humble/share/ament_lint_auto/cmake)
[0.566s] -- Added test 'lint_cmake' to check CMake code style
[0.566s] -- Added test 'xmllint' to check XML markup files
[0.567s] -- Configuring done
[0.569s] -- Generating done
[0.570s] -- Build files have been written to: /home/luis/fred/build/fred_controller
[0.576s] Invoked command in '/home/luis/fred/build/fred_controller' returned '0': CMAKE_PREFIX_PATH=${CMAKE_PREFIX_PATH}:/opt/ros/humble /usr/bin/cmake /home/luis/fred/src/fred_controller -DCMAKE_INSTALL_PREFIX=/home/luis/fred/install/fred_controller
[0.577s] Invoking command in '/home/luis/fred/build/fred_controller': CMAKE_PREFIX_PATH=${CMAKE_PREFIX_PATH}:/opt/ros/humble /usr/bin/cmake --build /home/luis/fred/build/fred_controller -- -j16 -l16
[0.608s] Invoked command in '/home/luis/fred/build/fred_controller' returned '0': CMAKE_PREFIX_PATH=${CMAKE_PREFIX_PATH}:/opt/ros/humble /usr/bin/cmake --build /home/luis/fred/build/fred_controller -- -j16 -l16
[0.638s] Invoking command in '/home/luis/fred/build/fred_controller': CMAKE_PREFIX_PATH=${CMAKE_PREFIX_PATH}:/opt/ros/humble /usr/bin/cmake --install /home/luis/fred/build/fred_controller
[0.644s] -- Install configuration: ""
[0.645s] -- Installing: /home/luis/fred/install/fred_controller/share/ament_index/resource_index/package_run_dependencies/fred_controller
[0.645s] -- Installing: /home/luis/fred/install/fred_controller/share/ament_index/resource_index/parent_prefix_path/fred_controller
[0.645s] -- Installing: /home/luis/fred/install/fred_controller/share/fred_controller/environment/ament_prefix_path.sh
[0.645s] -- Installing: /home/luis/fred/install/fred_controller/share/fred_controller/environment/ament_prefix_path.dsv
[0.645s] -- Installing: /home/luis/fred/install/fred_controller/share/fred_controller/environment/path.sh
[0.645s] -- Installing: /home/luis/fred/install/fred_controller/share/fred_controller/environment/path.dsv
[0.645s] -- Installing: /home/luis/fred/install/fred_controller/share/fred_controller/local_setup.bash
[0.646s] -- Installing: /home/luis/fred/install/fred_controller/share/fred_controller/local_setup.sh
[0.646s] -- Installing: /home/luis/fred/install/fred_controller/share/fred_controller/local_setup.zsh
[0.646s] -- Installing: /home/luis/fred/install/fred_controller/share/fred_controller/local_setup.dsv
[0.646s] -- Installing: /home/luis/fred/install/fred_controller/share/fred_controller/package.dsv
[0.646s] -- Installing: /home/luis/fred/install/fred_controller/share/ament_index/resource_index/packages/fred_controller
[0.646s] -- Installing: /home/luis/fred/install/fred_controller/share/fred_controller/cmake/fred_controllerConfig.cmake
[0.646s] -- Installing: /home/luis/fred/install/fred_controller/share/fred_controller/cmake/fred_controllerConfig-version.cmake
[0.646s] -- Installing: /home/luis/fred/install/fred_controller/share/fred_controller/package.xml
[0.648s] Invoked command in '/home/luis/fred/build/fred_controller' returned '0': CMAKE_PREFIX_PATH=${CMAKE_PREFIX_PATH}:/opt/ros/humble /usr/bin/cmake --install /home/luis/fred/build/fred_controller
