[0.051s] Invoking command in '/home/luis/fred/build/gazebo_ros2_control': CMAKE_PREFIX_PATH=${CMAKE_PREFIX_PATH}:/opt/ros/humble /usr/bin/cmake /home/luis/fred/src/gazebo_ros2_control -DAMENT_CMAKE_SYMLINK_INSTALL=1 -DCMAKE_INSTALL_PREFIX=/home/luis/fred/install/gazebo_ros2_control
[0.060s] -- Found ament_cmake: 1.3.6 (/opt/ros/humble/share/ament_cmake/cmake)
[0.153s] -- Override CMake install command with custom implementation using symlinks instead of copying resources
[0.158s] -- Found ament_lint_auto: 0.12.9 (/opt/ros/humble/share/ament_lint_auto/cmake)
[0.204s] -- Added test 'lint_cmake' to check CMake code style
[0.204s] -- Added test 'xmllint' to check XML markup files
[0.205s] -- Configuring done
[0.207s] -- Generating done
[0.208s] -- Build files have been written to: /home/luis/fred/build/gazebo_ros2_control
[0.212s] Invoked command in '/home/luis/fred/build/gazebo_ros2_control' returned '0': CMAKE_PREFIX_PATH=${CMAKE_PREFIX_PATH}:/opt/ros/humble /usr/bin/cmake /home/luis/fred/src/gazebo_ros2_control -DAMENT_CMAKE_SYMLINK_INSTALL=1 -DCMAKE_INSTALL_PREFIX=/home/luis/fred/install/gazebo_ros2_control
[0.213s] Invoking command in '/home/luis/fred/build/gazebo_ros2_control': CMAKE_PREFIX_PATH=${CMAKE_PREFIX_PATH}:/opt/ros/humble /usr/bin/cmake --build /home/luis/fred/build/gazebo_ros2_control -- -j16 -l16
[0.246s] Invoked command in '/home/luis/fred/build/gazebo_ros2_control' returned '0': CMAKE_PREFIX_PATH=${CMAKE_PREFIX_PATH}:/opt/ros/humble /usr/bin/cmake --build /home/luis/fred/build/gazebo_ros2_control -- -j16 -l16
[0.276s] Invoking command in '/home/luis/fred/build/gazebo_ros2_control': CMAKE_PREFIX_PATH=${CMAKE_PREFIX_PATH}:/opt/ros/humble /usr/bin/cmake --install /home/luis/fred/build/gazebo_ros2_control
[0.282s] -- Install configuration: ""
[0.282s] -- Execute custom install script
[0.282s] -- Symlinking: /home/luis/fred/install/gazebo_ros2_control/share/ament_index/resource_index/package_run_dependencies/gazebo_ros2_control
[0.289s] -- Symlinking: /home/luis/fred/install/gazebo_ros2_control/share/ament_index/resource_index/parent_prefix_path/gazebo_ros2_control
[0.296s] -- Symlinking: /home/luis/fred/install/gazebo_ros2_control/share/gazebo_ros2_control/environment/ament_prefix_path.sh
[0.303s] -- Symlinking: /home/luis/fred/install/gazebo_ros2_control/share/gazebo_ros2_control/environment/ament_prefix_path.dsv
[0.310s] -- Symlinking: /home/luis/fred/install/gazebo_ros2_control/share/gazebo_ros2_control/environment/path.sh
[0.318s] -- Symlinking: /home/luis/fred/install/gazebo_ros2_control/share/gazebo_ros2_control/environment/path.dsv
[0.325s] -- Symlinking: /home/luis/fred/install/gazebo_ros2_control/share/gazebo_ros2_control/local_setup.bash
[0.333s] -- Symlinking: /home/luis/fred/install/gazebo_ros2_control/share/gazebo_ros2_control/local_setup.sh
[0.340s] -- Symlinking: /home/luis/fred/install/gazebo_ros2_control/share/gazebo_ros2_control/local_setup.zsh
[0.347s] -- Symlinking: /home/luis/fred/install/gazebo_ros2_control/share/gazebo_ros2_control/local_setup.dsv
[0.354s] -- Symlinking: /home/luis/fred/install/gazebo_ros2_control/share/gazebo_ros2_control/package.dsv
[0.361s] -- Symlinking: /home/luis/fred/install/gazebo_ros2_control/share/ament_index/resource_index/packages/gazebo_ros2_control
[0.368s] -- Symlinking: /home/luis/fred/install/gazebo_ros2_control/share/gazebo_ros2_control/cmake/gazebo_ros2_controlConfig.cmake
[0.376s] -- Symlinking: /home/luis/fred/install/gazebo_ros2_control/share/gazebo_ros2_control/cmake/gazebo_ros2_controlConfig-version.cmake
[0.385s] -- Symlinking: /home/luis/fred/install/gazebo_ros2_control/share/gazebo_ros2_control/package.xml
[0.394s] Invoked command in '/home/luis/fred/build/gazebo_ros2_control' returned '0': CMAKE_PREFIX_PATH=${CMAKE_PREFIX_PATH}:/opt/ros/humble /usr/bin/cmake --install /home/luis/fred/build/gazebo_ros2_control
