[0.099s] Invoking command in '/home/stemluis/Documents/Fred/build/Fred_description': /usr/bin/cmake /home/stemluis/Documents/Fred/Fred_description -DCATKIN_INSTALL_INTO_PREFIX_ROOT=0 -DCATKIN_SYMLINK_INSTALL=ON -DCMAKE_INSTALL_PREFIX=/home/stemluis/Documents/Fred/install/Fred_description
[0.118s] [0mCMake Deprecation Warning at CMakeLists.txt:1 (cmake_minimum_required):
[0.121s]   Compatibility with CMake < 2.8.12 will be removed from a future version of
[0.121s]   CMake.
[0.121s] 
[0.121s]   Update the VERSION argument <min> value or use a ...<max> suffix to tell
[0.121s]   CMake that the project does not need compatibility with older versions.
[0.121s] 
[0.121s] [0m
[0.136s] [31mCMake Error at CMakeLists.txt:10 (find_package):
[0.137s]   By not providing "Findcatkin.cmake" in CMAKE_MODULE_PATH this project has
[0.137s]   asked CMake to find a package configuration file provided by "catkin", but
[0.137s]   CMake did not find one.
[0.137s] 
[0.137s]   Could not find a package configuration file provided by "catkin" with any
[0.137s]   of the following names:
[0.137s] 
[0.137s]     catkinConfig.cmake
[0.137s]     catkin-config.cmake
[0.137s] 
[0.137s]   Add the installation prefix of "catkin" to CMAKE_PREFIX_PATH or set
[0.137s]   "catkin_DIR" to a directory containing one of the above files.  If "catkin"
[0.137s]   provides a separate development package or SDK, be sure it has been
[0.137s]   installed.
[0.137s] 
[0.137s] [0m
[0.138s] -- Configuring incomplete, errors occurred!
[0.138s] See also "/home/stemluis/Documents/Fred/build/Fred_description/CMakeFiles/CMakeOutput.log".
[0.143s] Invoked command in '/home/stemluis/Documents/Fred/build/Fred_description' returned '1': /usr/bin/cmake /home/stemluis/Documents/Fred/Fred_description -DCATKIN_INSTALL_INTO_PREFIX_ROOT=0 -DCATKIN_SYMLINK_INSTALL=ON -DCMAKE_INSTALL_PREFIX=/home/stemluis/Documents/Fred/install/Fred_description
